<?xml version="1.0" encoding="UTF-8"?>
<!-- Generated by org.testng.reporters.JUnitReportReporter -->
<testsuite hostname="LAPTOP-4NL42U64" failures="0" tests="2" name="testrunner.stockpurchase" time="57.221" errors="0" timestamp="2025-03-04T12:27:22 IST" skipped="0">
  <testcase classname="testrunner.stockpurchase" name="runScenario" time="27.133"/>
  <testcase classname="testrunner.stockpurchase" name="runScenario" time="30.088"/>
</testsuite> <!-- testrunner.stockpurchase -->
