<?xml version="1.0" encoding="UTF-8"?>
<!-- Generated by org.testng.reporters.JUnitReportReporter -->
<testsuite hostname="LAPTOP-4NL42U64" failures="0" tests="2" name="testrunner.stockpurchase" time="54.093" errors="0" timestamp="2025-03-01T12:47:55 IST" skipped="0">
  <testcase classname="testrunner.stockpurchase" name="runScenario" time="27.720"/>
  <testcase classname="testrunner.stockpurchase" name="runScenario" time="26.373"/>
</testsuite> <!-- testrunner.stockpurchase -->
